Build started 2/22/2015 5:14:55 AM.
     1>Project "C:\Users\Jeffrey Uong\Desktop\AlJeEngine\AlJeEngineVS2015\AlJeEngineVS2015\AlJeEngineVS2015.vcxproj" on node 2 (Build target(s)).
     1>ClCompile:
         C:\Program Files (x86)\Microsoft Visual Studio 12.0\VC\bin\x86_amd64\CL.exe /c /Zi /nologo /W3 /WX- /sdl /O2 /Oi /GL /D _MBCS /Gm- /EHsc /MD /GS /Gy /fp:precise /Zc:wchar_t /Zc:forScope /Fo"x64\Release\\" /Fd"x64\Release\vc120.pdb" /Gd /TP /errorReport:prompt ..\..\core\engine\src\GLShader.cpp
         GLShader.cpp
       Link:
         C:\Program Files (x86)\Microsoft Visual Studio 12.0\VC\bin\x86_amd64\link.exe /ERRORREPORT:PROMPT /OUT:"C:\Users\Jeffrey Uong\Desktop\AlJeEngine\AlJeEngineVS2015\x64\Release\AlJeEngineVS2015.exe" /NOLOGO glew32.lib AlJeMath.lib SDL2.lib SDL2main.lib opengl32.lib kernel32.lib user32.lib gdi32.lib winspool.lib comdlg32.lib advapi32.lib shell32.lib ole32.lib oleaut32.lib uuid.lib odbc32.lib odbccp32.lib /MANIFEST /MANIFESTUAC:"level='asInvoker' uiAccess='false'" /manifest:embed /DEBUG /PDB:"C:\Users\Jeffrey Uong\Desktop\AlJeEngine\AlJeEngineVS2015\x64\Release\AlJeEngineVS2015.pdb" /SUBSYSTEM:CONSOLE /OPT:REF /OPT:ICF /LTCG /TLBID:1 /DYNAMICBASE /NXCOMPAT /IMPLIB:"C:\Users\Jeffrey Uong\Desktop\AlJeEngine\AlJeEngineVS2015\x64\Release\AlJeEngineVS2015.lib" /MACHINE:X64 x64\Release\main.obj
         x64\Release\Engine.obj
         x64\Release\Entity.obj
         x64\Release\GLGraphics.obj
         x64\Release\GLShader.obj
         x64\Release\mesh.obj
         x64\Release\Space.obj
         x64\Release\System.obj
         x64\Release\WindowSDL.obj
         x64\Release\TestSystem.obj
         Generating code
         Finished generating code
         AlJeEngineVS2015.vcxproj -> C:\Users\Jeffrey Uong\Desktop\AlJeEngine\AlJeEngineVS2015\x64\Release\AlJeEngineVS2015.exe
     1>Done Building Project "C:\Users\Jeffrey Uong\Desktop\AlJeEngine\AlJeEngineVS2015\AlJeEngineVS2015\AlJeEngineVS2015.vcxproj" (Build target(s)).

Build succeeded.

Time Elapsed 00:00:03.54
