Build started 2/18/2015 8:02:07 PM.
     1>Project "C:\Users\Jeffrey Uong\Desktop\AlJeEngine\AlJeEngineVS2015\AlJeEngineVS2015\AlJeEngineVS2015.vcxproj" on node 2 (Build target(s)).
     1>ClCompile:
         C:\Program Files (x86)\Microsoft Visual Studio 14.0\VC\bin\x86_amd64\CL.exe /c /Zi /nologo /W3 /WX- /sdl /Od /D _MBCS /Gm /EHsc /RTC1 /MDd /GS /fp:precise /Zc:wchar_t /Zc:forScope /Fo"x64\Debug\\" /Fd"x64\Debug\vc140.pdb" /Gd /TP /errorReport:prompt ..\..\core\engine\main.cpp
         main.cpp
         Implement the functions in Space
         Add frame time stuff to engine
         Add a way to access spaces
       Link:
         C:\Program Files (x86)\Microsoft Visual Studio 14.0\VC\bin\x86_amd64\link.exe /ERRORREPORT:PROMPT /OUT:"C:\Users\Jeffrey Uong\Desktop\AlJeEngine\AlJeEngineVS2015\x64\Debug\AlJeEngineVS2015.exe" /INCREMENTAL /NOLOGO SDL2.lib SDL2main.lib kernel32.lib user32.lib gdi32.lib winspool.lib comdlg32.lib advapi32.lib shell32.lib ole32.lib oleaut32.lib uuid.lib odbc32.lib odbccp32.lib /MANIFEST /MANIFESTUAC:"level='asInvoker' uiAccess='false'" /manifest:embed /Debug /PDB:"C:\Users\Jeffrey Uong\Desktop\AlJeEngine\AlJeEngineVS2015\x64\Debug\AlJeEngineVS2015.pdb" /SUBSYSTEM:WINDOWS /TLBID:1 /DYNAMICBASE /NXCOMPAT /IMPLIB:"C:\Users\Jeffrey Uong\Desktop\AlJeEngine\AlJeEngineVS2015\x64\Debug\AlJeEngineVS2015.lib" /MACHINE:X64 x64\Debug\main.obj
         x64\Debug\Engine.obj
         x64\Debug\Entity.obj
         x64\Debug\System.obj
     1>MSVCRTD.lib(initializers.obj) : warning LNK4098: defaultlib 'msvcrt.lib' conflicts with use of other libs; use /NODEFAULTLIB:library
     1>SDL2main.lib(SDL_windows_main.obj) : error LNK2019: unresolved external symbol __imp_fprintf referenced in function ShowError
     1>SDL2main.lib(SDL_windows_main.obj) : error LNK2019: unresolved external symbol __imp___iob_func referenced in function ShowError
     1>C:\Program Files (x86)\Microsoft Visual Studio 14.0\VC\lib\amd64\OLDNAMES.lib : warning LNK4272: library machine type 'UNKNOWN' conflicts with target machine type 'x64'
     1>C:\Users\Jeffrey Uong\Desktop\AlJeEngine\AlJeEngineVS2015\x64\Debug\AlJeEngineVS2015.exe : fatal error LNK1120: 2 unresolved externals
     1>Done Building Project "C:\Users\Jeffrey Uong\Desktop\AlJeEngine\AlJeEngineVS2015\AlJeEngineVS2015\AlJeEngineVS2015.vcxproj" (Build target(s)) -- FAILED.

Build FAILED.

Time Elapsed 00:00:01.29
