Build started 2/18/2015 8:46:08 PM.
     1>Project "C:\Users\Jeffrey Uong\Desktop\AlJeEngine\AlJeEngineVS2015\AlJeEngineVS2015\AlJeEngineVS2015.vcxproj" on node 2 (Rebuild target(s)).
     1>ClCompile:
         C:\Program Files (x86)\Microsoft Visual Studio 14.0\VC\bin\CL.exe /c /I"C:\Users\Jeffrey Uong\Desktop\AlJeEngine\AlJeEngineVS2015\AlJeEngineVS2015\\AlJeEngine\dependencies\include" /Zi /nologo /W3 /WX- /sdl /O2 /Oi /Oy- /GL /D _MBCS /Gm- /EHsc /MD /GS /Gy /fp:precise /Zc:wchar_t /Zc:forScope /Fo"Release\\" /Fd"Release\vc140.pdb" /Gd /TP /analyze- /errorReport:prompt ..\..\core\engine\main.cpp ..\..\core\engine\src\Engine.cpp ..\..\core\engine\src\Entity.cpp ..\..\core\engine\src\System.cpp
         main.cpp
         Implement the functions in Space
         Add frame time stuff to engine
         Add a way to access spaces
         Engine.cpp
         Implement the functions in Space
         Add frame time stuff to engine
         Add a way to access spaces
     1>..\..\core\engine\src\Engine.cpp(42): warning C4458: declaration of 'dt' hides class member
         c:\users\jeffrey uong\desktop\aljeengine\core\engine\src\../headers/Engine.h(40): note: see declaration of 'AlJeEngine::Engine::dt'
         Entity.cpp
         System.cpp
       Link:
         C:\Program Files (x86)\Microsoft Visual Studio 14.0\VC\bin\link.exe /ERRORREPORT:PROMPT /OUT:"C:\Users\Jeffrey Uong\Desktop\AlJeEngine\AlJeEngineVS2015\Release\AlJeEngineVS2015.exe" /NOLOGO /LIBPATH:C:\Users\Allan\Documents\GitHub\AlJeEngine\AlJeEngineVS2015\Release AlJeMath.lib SDL2.lib SDL2main.lib opengl32.lib opengl32.lib SDL2.lib SDL2main.lib kernel32.lib user32.lib gdi32.lib winspool.lib comdlg32.lib advapi32.lib shell32.lib ole32.lib oleaut32.lib uuid.lib odbc32.lib odbccp32.lib /MANIFEST /MANIFESTUAC:"level='asInvoker' uiAccess='false'" /manifest:embed /Debug /PDB:"C:\Users\Jeffrey Uong\Desktop\AlJeEngine\AlJeEngineVS2015\Release\AlJeEngineVS2015.pdb" /SUBSYSTEM:WINDOWS /OPT:REF /OPT:ICF /LTCG /TLBID:1 /DYNAMICBASE /NXCOMPAT /IMPLIB:"C:\Users\Jeffrey Uong\Desktop\AlJeEngine\AlJeEngineVS2015\Release\AlJeEngineVS2015.lib" /MACHINE:X86 /SAFESEH Release\main.obj
         Release\Engine.obj
         Release\Entity.obj
         Release\System.obj
     1>SDL2main.lib(SDL_windows_main.obj) : error LNK2001: unresolved external symbol __imp__fprintf
     1>SDL2main.lib(SDL_windows_main.obj) : error LNK2001: unresolved external symbol __imp____iob_func
     1>C:\Users\Jeffrey Uong\Desktop\AlJeEngine\AlJeEngineVS2015\Release\AlJeEngineVS2015.exe : fatal error LNK1120: 2 unresolved externals
     1>Done Building Project "C:\Users\Jeffrey Uong\Desktop\AlJeEngine\AlJeEngineVS2015\AlJeEngineVS2015\AlJeEngineVS2015.vcxproj" (Rebuild target(s)) -- FAILED.

Build FAILED.

Time Elapsed 00:00:03.04
